[Info  - 12:15:41 PM] ESLint server is starting
[Info  - 12:15:41 PM] ESLint server running in node v14.16.0
[Info  - 12:15:41 PM] ESLint server is running.
[Info  - 12:15:41 PM] 
Failed to load the ESLint library for the document /home/iquill/docs/odin_project/javascript/dropdown_menu/src/index.js

To use ESLint please install eslint by running npm install eslint in the workspace folder dropdown_menu
or globally using 'npm install -g eslint'. You need to reopen the workspace after installing eslint.

If you are using yarn or pnpm instead of npm set the setting `eslint.packageManager` to either `yarn` or `pnpm`
Alternatively you can disable ESLint for the workspace folder dropdown_menu by executing the 'Disable ESLint' command.
[Info  - 12:16:31 PM] 
Failed to load the ESLint library for the document /home/iquill/docs/odin_project/javascript/dropdown_menu/src/dropdown.js

To use ESLint please install eslint by running npm install eslint in the workspace folder dropdown_menu
or globally using 'npm install -g eslint'. You need to reopen the workspace after installing eslint.

If you are using yarn or pnpm instead of npm set the setting `eslint.packageManager` to either `yarn` or `pnpm`
Alternatively you can disable ESLint for the workspace folder dropdown_menu by executing the 'Disable ESLint' command.
[Info  - 2:12:56 PM] 
Failed to load the ESLint library for the document /home/iquill/docs/odin_project/javascript/dropdown_menu/webpack.config.js

To use ESLint please install eslint by running npm install eslint in the workspace folder dropdown_menu
or globally using 'npm install -g eslint'. You need to reopen the workspace after installing eslint.

If you are using yarn or pnpm instead of npm set the setting `eslint.packageManager` to either `yarn` or `pnpm`
Alternatively you can disable ESLint for the workspace folder dropdown_menu by executing the 'Disable ESLint' command.
[Info  - 2:22:56 PM] 
Failed to load the ESLint library for the document /home/iquill/docs/odin_project/javascript/dropdown_menu/src/index.js

To use ESLint please install eslint by running npm install eslint in the workspace folder dropdown_menu
or globally using 'npm install -g eslint'. You need to reopen the workspace after installing eslint.

If you are using yarn or pnpm instead of npm set the setting `eslint.packageManager` to either `yarn` or `pnpm`
Alternatively you can disable ESLint for the workspace folder dropdown_menu by executing the 'Disable ESLint' command.
[Info  - 2:22:56 PM] 
Failed to load the ESLint library for the document /home/iquill/docs/odin_project/javascript/dropdown_menu/src/dropdown.js

To use ESLint please install eslint by running npm install eslint in the workspace folder dropdown_menu
or globally using 'npm install -g eslint'. You need to reopen the workspace after installing eslint.

If you are using yarn or pnpm instead of npm set the setting `eslint.packageManager` to either `yarn` or `pnpm`
Alternatively you can disable ESLint for the workspace folder dropdown_menu by executing the 'Disable ESLint' command.
[Info  - 2:22:56 PM] 
Failed to load the ESLint library for the document /home/iquill/docs/odin_project/javascript/dropdown_menu/webpack.config.js

To use ESLint please install eslint by running npm install eslint in the workspace folder dropdown_menu
or globally using 'npm install -g eslint'. You need to reopen the workspace after installing eslint.

If you are using yarn or pnpm instead of npm set the setting `eslint.packageManager` to either `yarn` or `pnpm`
Alternatively you can disable ESLint for the workspace folder dropdown_menu by executing the 'Disable ESLint' command.
[Info  - 2:26:52 PM] 
Failed to load the ESLint library for the document /home/iquill/docs/odin_project/javascript/dropdown_menu/src/index.js

To use ESLint please install eslint by running npm install eslint in the workspace folder dropdown_menu
or globally using 'npm install -g eslint'. You need to reopen the workspace after installing eslint.

If you are using yarn or pnpm instead of npm set the setting `eslint.packageManager` to either `yarn` or `pnpm`
Alternatively you can disable ESLint for the workspace folder dropdown_menu by executing the 'Disable ESLint' command.
[Info  - 2:26:52 PM] 
Failed to load the ESLint library for the document /home/iquill/docs/odin_project/javascript/dropdown_menu/src/dropdown.js

To use ESLint please install eslint by running npm install eslint in the workspace folder dropdown_menu
or globally using 'npm install -g eslint'. You need to reopen the workspace after installing eslint.

If you are using yarn or pnpm instead of npm set the setting `eslint.packageManager` to either `yarn` or `pnpm`
Alternatively you can disable ESLint for the workspace folder dropdown_menu by executing the 'Disable ESLint' command.
[Info  - 2:26:52 PM] 
Failed to load the ESLint library for the document /home/iquill/docs/odin_project/javascript/dropdown_menu/webpack.config.js

To use ESLint please install eslint by running npm install eslint in the workspace folder dropdown_menu
or globally using 'npm install -g eslint'. You need to reopen the workspace after installing eslint.

If you are using yarn or pnpm instead of npm set the setting `eslint.packageManager` to either `yarn` or `pnpm`
Alternatively you can disable ESLint for the workspace folder dropdown_menu by executing the 'Disable ESLint' command.
[Info  - 3:12:47 PM] 
Failed to load the ESLint library for the document /home/iquill/docs/odin_project/javascript/dropdown_menu/dist/main.js

To use ESLint please install eslint by running npm install eslint in the workspace folder dropdown_menu
or globally using 'npm install -g eslint'. You need to reopen the workspace after installing eslint.

If you are using yarn or pnpm instead of npm set the setting `eslint.packageManager` to either `yarn` or `pnpm`
Alternatively you can disable ESLint for the workspace folder dropdown_menu by executing the 'Disable ESLint' command.
[Info  - 3:21:31 PM] 
Failed to load the ESLint library for the document /home/iquill/docs/odin_project/javascript/dropdown_menu/src/index.js

To use ESLint please install eslint by running npm install eslint in the workspace folder dropdown_menu
or globally using 'npm install -g eslint'. You need to reopen the workspace after installing eslint.

If you are using yarn or pnpm instead of npm set the setting `eslint.packageManager` to either `yarn` or `pnpm`
Alternatively you can disable ESLint for the workspace folder dropdown_menu by executing the 'Disable ESLint' command.
[Info  - 3:21:31 PM] 
Failed to load the ESLint library for the document /home/iquill/docs/odin_project/javascript/dropdown_menu/src/dropdown.js

To use ESLint please install eslint by running npm install eslint in the workspace folder dropdown_menu
or globally using 'npm install -g eslint'. You need to reopen the workspace after installing eslint.

If you are using yarn or pnpm instead of npm set the setting `eslint.packageManager` to either `yarn` or `pnpm`
Alternatively you can disable ESLint for the workspace folder dropdown_menu by executing the 'Disable ESLint' command.
[Info  - 3:21:31 PM] 
Failed to load the ESLint library for the document /home/iquill/docs/odin_project/javascript/dropdown_menu/webpack.config.js

To use ESLint please install eslint by running npm install eslint in the workspace folder dropdown_menu
or globally using 'npm install -g eslint'. You need to reopen the workspace after installing eslint.

If you are using yarn or pnpm instead of npm set the setting `eslint.packageManager` to either `yarn` or `pnpm`
Alternatively you can disable ESLint for the workspace folder dropdown_menu by executing the 'Disable ESLint' command.
[Info  - 3:25:01 PM] 
Failed to load the ESLint library for the document /home/iquill/docs/odin_project/javascript/dropdown_menu/src/index.js

To use ESLint please install eslint by running npm install eslint in the workspace folder dropdown_menu
or globally using 'npm install -g eslint'. You need to reopen the workspace after installing eslint.

If you are using yarn or pnpm instead of npm set the setting `eslint.packageManager` to either `yarn` or `pnpm`
Alternatively you can disable ESLint for the workspace folder dropdown_menu by executing the 'Disable ESLint' command.
[Info  - 3:25:01 PM] 
Failed to load the ESLint library for the document /home/iquill/docs/odin_project/javascript/dropdown_menu/src/dropdown.js

To use ESLint please install eslint by running npm install eslint in the workspace folder dropdown_menu
or globally using 'npm install -g eslint'. You need to reopen the workspace after installing eslint.

If you are using yarn or pnpm instead of npm set the setting `eslint.packageManager` to either `yarn` or `pnpm`
Alternatively you can disable ESLint for the workspace folder dropdown_menu by executing the 'Disable ESLint' command.
[Info  - 3:25:01 PM] 
Failed to load the ESLint library for the document /home/iquill/docs/odin_project/javascript/dropdown_menu/webpack.config.js

To use ESLint please install eslint by running npm install eslint in the workspace folder dropdown_menu
or globally using 'npm install -g eslint'. You need to reopen the workspace after installing eslint.

If you are using yarn or pnpm instead of npm set the setting `eslint.packageManager` to either `yarn` or `pnpm`
Alternatively you can disable ESLint for the workspace folder dropdown_menu by executing the 'Disable ESLint' command.
[Info  - 3:35:29 PM] 
Failed to load the ESLint library for the document /home/iquill/docs/odin_project/javascript/dropdown_menu/src/index.js

To use ESLint please install eslint by running npm install eslint in the workspace folder dropdown_menu
or globally using 'npm install -g eslint'. You need to reopen the workspace after installing eslint.

If you are using yarn or pnpm instead of npm set the setting `eslint.packageManager` to either `yarn` or `pnpm`
Alternatively you can disable ESLint for the workspace folder dropdown_menu by executing the 'Disable ESLint' command.
[Info  - 3:35:29 PM] 
Failed to load the ESLint library for the document /home/iquill/docs/odin_project/javascript/dropdown_menu/src/dropdown.js

To use ESLint please install eslint by running npm install eslint in the workspace folder dropdown_menu
or globally using 'npm install -g eslint'. You need to reopen the workspace after installing eslint.

If you are using yarn or pnpm instead of npm set the setting `eslint.packageManager` to either `yarn` or `pnpm`
Alternatively you can disable ESLint for the workspace folder dropdown_menu by executing the 'Disable ESLint' command.
[Info  - 3:35:29 PM] 
Failed to load the ESLint library for the document /home/iquill/docs/odin_project/javascript/dropdown_menu/webpack.config.js

To use ESLint please install eslint by running npm install eslint in the workspace folder dropdown_menu
or globally using 'npm install -g eslint'. You need to reopen the workspace after installing eslint.

If you are using yarn or pnpm instead of npm set the setting `eslint.packageManager` to either `yarn` or `pnpm`
Alternatively you can disable ESLint for the workspace folder dropdown_menu by executing the 'Disable ESLint' command.
[Info  - 3:35:51 PM] 
Failed to load the ESLint library for the document /home/iquill/docs/odin_project/javascript/dropdown_menu/src/index.js

To use ESLint please install eslint by running npm install eslint in the workspace folder dropdown_menu
or globally using 'npm install -g eslint'. You need to reopen the workspace after installing eslint.

If you are using yarn or pnpm instead of npm set the setting `eslint.packageManager` to either `yarn` or `pnpm`
Alternatively you can disable ESLint for the workspace folder dropdown_menu by executing the 'Disable ESLint' command.
[Info  - 3:35:51 PM] 
Failed to load the ESLint library for the document /home/iquill/docs/odin_project/javascript/dropdown_menu/webpack.config.js

To use ESLint please install eslint by running npm install eslint in the workspace folder dropdown_menu
or globally using 'npm install -g eslint'. You need to reopen the workspace after installing eslint.

If you are using yarn or pnpm instead of npm set the setting `eslint.packageManager` to either `yarn` or `pnpm`
Alternatively you can disable ESLint for the workspace folder dropdown_menu by executing the 'Disable ESLint' command.
[Info  - 3:35:51 PM] 
Failed to load the ESLint library for the document /home/iquill/docs/odin_project/javascript/dropdown_menu/src/dropdown.js

To use ESLint please install eslint by running npm install eslint in the workspace folder dropdown_menu
or globally using 'npm install -g eslint'. You need to reopen the workspace after installing eslint.

If you are using yarn or pnpm instead of npm set the setting `eslint.packageManager` to either `yarn` or `pnpm`
Alternatively you can disable ESLint for the workspace folder dropdown_menu by executing the 'Disable ESLint' command.
[Info  - 3:36:07 PM] 
Failed to load the ESLint library for the document /home/iquill/docs/odin_project/javascript/dropdown_menu/src/index.js

To use ESLint please install eslint by running npm install eslint in the workspace folder dropdown_menu
or globally using 'npm install -g eslint'. You need to reopen the workspace after installing eslint.

If you are using yarn or pnpm instead of npm set the setting `eslint.packageManager` to either `yarn` or `pnpm`
Alternatively you can disable ESLint for the workspace folder dropdown_menu by executing the 'Disable ESLint' command.
[Info  - 3:36:07 PM] 
Failed to load the ESLint library for the document /home/iquill/docs/odin_project/javascript/dropdown_menu/src/dropdown.js

To use ESLint please install eslint by running npm install eslint in the workspace folder dropdown_menu
or globally using 'npm install -g eslint'. You need to reopen the workspace after installing eslint.

If you are using yarn or pnpm instead of npm set the setting `eslint.packageManager` to either `yarn` or `pnpm`
Alternatively you can disable ESLint for the workspace folder dropdown_menu by executing the 'Disable ESLint' command.
[Info  - 3:36:07 PM] 
Failed to load the ESLint library for the document /home/iquill/docs/odin_project/javascript/dropdown_menu/webpack.config.js

To use ESLint please install eslint by running npm install eslint in the workspace folder dropdown_menu
or globally using 'npm install -g eslint'. You need to reopen the workspace after installing eslint.

If you are using yarn or pnpm instead of npm set the setting `eslint.packageManager` to either `yarn` or `pnpm`
Alternatively you can disable ESLint for the workspace folder dropdown_menu by executing the 'Disable ESLint' command.
[Info  - 3:36:16 PM] 
Failed to load the ESLint library for the document /home/iquill/docs/odin_project/javascript/dropdown_menu/src/index.js

To use ESLint please install eslint by running npm install eslint in the workspace folder dropdown_menu
or globally using 'npm install -g eslint'. You need to reopen the workspace after installing eslint.

If you are using yarn or pnpm instead of npm set the setting `eslint.packageManager` to either `yarn` or `pnpm`
Alternatively you can disable ESLint for the workspace folder dropdown_menu by executing the 'Disable ESLint' command.
[Info  - 3:36:16 PM] 
Failed to load the ESLint library for the document /home/iquill/docs/odin_project/javascript/dropdown_menu/src/dropdown.js

To use ESLint please install eslint by running npm install eslint in the workspace folder dropdown_menu
or globally using 'npm install -g eslint'. You need to reopen the workspace after installing eslint.

If you are using yarn or pnpm instead of npm set the setting `eslint.packageManager` to either `yarn` or `pnpm`
Alternatively you can disable ESLint for the workspace folder dropdown_menu by executing the 'Disable ESLint' command.
[Info  - 3:36:16 PM] 
Failed to load the ESLint library for the document /home/iquill/docs/odin_project/javascript/dropdown_menu/webpack.config.js

To use ESLint please install eslint by running npm install eslint in the workspace folder dropdown_menu
or globally using 'npm install -g eslint'. You need to reopen the workspace after installing eslint.

If you are using yarn or pnpm instead of npm set the setting `eslint.packageManager` to either `yarn` or `pnpm`
Alternatively you can disable ESLint for the workspace folder dropdown_menu by executing the 'Disable ESLint' command.
[Info  - 3:36:33 PM] 
Failed to load the ESLint library for the document /home/iquill/docs/odin_project/javascript/dropdown_menu/src/index.js

To use ESLint please install eslint by running npm install eslint in the workspace folder dropdown_menu
or globally using 'npm install -g eslint'. You need to reopen the workspace after installing eslint.

If you are using yarn or pnpm instead of npm set the setting `eslint.packageManager` to either `yarn` or `pnpm`
Alternatively you can disable ESLint for the workspace folder dropdown_menu by executing the 'Disable ESLint' command.
[Info  - 3:36:33 PM] 
Failed to load the ESLint library for the document /home/iquill/docs/odin_project/javascript/dropdown_menu/src/dropdown.js

To use ESLint please install eslint by running npm install eslint in the workspace folder dropdown_menu
or globally using 'npm install -g eslint'. You need to reopen the workspace after installing eslint.

If you are using yarn or pnpm instead of npm set the setting `eslint.packageManager` to either `yarn` or `pnpm`
Alternatively you can disable ESLint for the workspace folder dropdown_menu by executing the 'Disable ESLint' command.
[Info  - 3:36:33 PM] 
Failed to load the ESLint library for the document /home/iquill/docs/odin_project/javascript/dropdown_menu/webpack.config.js

To use ESLint please install eslint by running npm install eslint in the workspace folder dropdown_menu
or globally using 'npm install -g eslint'. You need to reopen the workspace after installing eslint.

If you are using yarn or pnpm instead of npm set the setting `eslint.packageManager` to either `yarn` or `pnpm`
Alternatively you can disable ESLint for the workspace folder dropdown_menu by executing the 'Disable ESLint' command.
[Info  - 3:39:28 PM] 
Failed to load the ESLint library for the document /home/iquill/docs/odin_project/javascript/dropdown_menu/src/index.js

To use ESLint please install eslint by running npm install eslint in the workspace folder dropdown_menu
or globally using 'npm install -g eslint'. You need to reopen the workspace after installing eslint.

If you are using yarn or pnpm instead of npm set the setting `eslint.packageManager` to either `yarn` or `pnpm`
Alternatively you can disable ESLint for the workspace folder dropdown_menu by executing the 'Disable ESLint' command.
[Info  - 3:39:28 PM] 
Failed to load the ESLint library for the document /home/iquill/docs/odin_project/javascript/dropdown_menu/webpack.config.js

To use ESLint please install eslint by running npm install eslint in the workspace folder dropdown_menu
or globally using 'npm install -g eslint'. You need to reopen the workspace after installing eslint.

If you are using yarn or pnpm instead of npm set the setting `eslint.packageManager` to either `yarn` or `pnpm`
Alternatively you can disable ESLint for the workspace folder dropdown_menu by executing the 'Disable ESLint' command.
[Info  - 3:39:28 PM] 
Failed to load the ESLint library for the document /home/iquill/docs/odin_project/javascript/dropdown_menu/src/dropdown.js

To use ESLint please install eslint by running npm install eslint in the workspace folder dropdown_menu
or globally using 'npm install -g eslint'. You need to reopen the workspace after installing eslint.

If you are using yarn or pnpm instead of npm set the setting `eslint.packageManager` to either `yarn` or `pnpm`
Alternatively you can disable ESLint for the workspace folder dropdown_menu by executing the 'Disable ESLint' command.
[Info  - 3:42:48 PM] 
Failed to load the ESLint library for the document /home/iquill/docs/odin_project/javascript/dropdown_menu/src/index.js

To use ESLint please install eslint by running npm install eslint in the workspace folder dropdown_menu
or globally using 'npm install -g eslint'. You need to reopen the workspace after installing eslint.

If you are using yarn or pnpm instead of npm set the setting `eslint.packageManager` to either `yarn` or `pnpm`
Alternatively you can disable ESLint for the workspace folder dropdown_menu by executing the 'Disable ESLint' command.
[Info  - 3:42:48 PM] 
Failed to load the ESLint library for the document /home/iquill/docs/odin_project/javascript/dropdown_menu/src/dropdown.js

To use ESLint please install eslint by running npm install eslint in the workspace folder dropdown_menu
or globally using 'npm install -g eslint'. You need to reopen the workspace after installing eslint.

If you are using yarn or pnpm instead of npm set the setting `eslint.packageManager` to either `yarn` or `pnpm`
Alternatively you can disable ESLint for the workspace folder dropdown_menu by executing the 'Disable ESLint' command.
[Info  - 3:42:48 PM] 
Failed to load the ESLint library for the document /home/iquill/docs/odin_project/javascript/dropdown_menu/webpack.config.js

To use ESLint please install eslint by running npm install eslint in the workspace folder dropdown_menu
or globally using 'npm install -g eslint'. You need to reopen the workspace after installing eslint.

If you are using yarn or pnpm instead of npm set the setting `eslint.packageManager` to either `yarn` or `pnpm`
Alternatively you can disable ESLint for the workspace folder dropdown_menu by executing the 'Disable ESLint' command.
[Info  - 7:57:44 PM] ESLint server stopped.
