[2021-10-27 13:14:26.490] [exthost] [info] extension host started
[2021-10-27 13:14:26.490] [exthost] [info] Skipping acquiring lock for /home/iquill/.config/Code/User/workspaceStorage/a8dcd69b834947747b49593b3638239b.
[2021-10-27 13:14:26.530] [exthost] [info] ExtensionService#_doActivateExtension vscode.microsoft-authentication, startup: false, activationEvent: 'onAuthenticationRequest:microsoft'
[2021-10-27 13:14:26.530] [exthost] [info] ExtensionService#loadCommonJSModule file:///usr/share/code/resources/app/extensions/microsoft-authentication/dist/extension.js
[2021-10-27 13:14:26.536] [exthost] [info] ExtensionService#_doActivateExtension vscode.debug-auto-launch, startup: true, activationEvent: '*'
[2021-10-27 13:14:26.536] [exthost] [info] ExtensionService#loadCommonJSModule file:///usr/share/code/resources/app/extensions/debug-auto-launch/dist/extension
[2021-10-27 13:14:26.537] [exthost] [info] ExtensionService#_doActivateExtension vscode.git, startup: true, activationEvent: '*', root cause: vscode.github
[2021-10-27 13:14:26.537] [exthost] [info] ExtensionService#loadCommonJSModule file:///usr/share/code/resources/app/extensions/git/dist/main
[2021-10-27 13:14:26.586] [exthost] [info] ExtensionService#_doActivateExtension vscode.github, startup: true, activationEvent: '*'
[2021-10-27 13:14:26.586] [exthost] [info] ExtensionService#loadCommonJSModule file:///usr/share/code/resources/app/extensions/github/dist/extension.js
[2021-10-27 13:14:26.603] [exthost] [info] ExtensionService#_doActivateExtension ms-vscode.js-debug, startup: false, activationEvent: 'onCommand:extension.js-debug.clearAutoAttachVariables'
[2021-10-27 13:14:26.603] [exthost] [info] ExtensionService#loadCommonJSModule file:///usr/share/code/resources/app/extensions/ms-vscode.js-debug/src/extension.js
[2021-10-27 13:14:26.667] [exthost] [info] eager extensions activated
[2021-10-27 13:14:26.688] [exthost] [info] ExtensionService#_doActivateExtension vscode.emmet, startup: false, activationEvent: 'onStartupFinished'
[2021-10-27 13:14:26.688] [exthost] [info] ExtensionService#loadCommonJSModule file:///usr/share/code/resources/app/extensions/emmet/dist/node/emmetNodeMain
[2021-10-27 13:14:26.691] [exthost] [info] ExtensionService#_doActivateExtension vscode.merge-conflict, startup: false, activationEvent: 'onStartupFinished'
[2021-10-27 13:14:26.691] [exthost] [info] ExtensionService#loadCommonJSModule file:///usr/share/code/resources/app/extensions/merge-conflict/dist/mergeConflictMain
[2021-10-27 13:14:26.692] [exthost] [info] ExtensionService#_doActivateExtension esbenp.prettier-vscode, startup: false, activationEvent: 'onStartupFinished'
[2021-10-27 13:14:26.692] [exthost] [info] ExtensionService#loadCommonJSModule file:///home/iquill/.vscode/extensions/esbenp.prettier-vscode-9.0.0/dist/extension
[2021-10-27 13:14:26.921] [exthost] [info] ExtensionService#_doActivateExtension vscode.github-authentication, startup: false, activationEvent: 'onAuthenticationRequest:github'
[2021-10-27 13:14:26.921] [exthost] [info] ExtensionService#loadCommonJSModule file:///usr/share/code/resources/app/extensions/github-authentication/dist/extension.js
[2021-10-27 13:14:28.186] [exthost] [info] ExtensionService#_doActivateExtension dbaeumer.vscode-eslint, startup: false, activationEvent: 'onStartupFinished'
[2021-10-27 13:14:28.186] [exthost] [info] ExtensionService#loadCommonJSModule file:///home/iquill/.vscode/extensions/dbaeumer.vscode-eslint-2.2.2/client/out/extension
[2021-10-27 13:14:28.196] [exthost] [info] ExtensionService#_doActivateExtension WallabyJs.quokka-vscode, startup: false, activationEvent: '*'
[2021-10-27 13:14:28.197] [exthost] [info] ExtensionService#loadCommonJSModule file:///home/iquill/.vscode/extensions/wallabyjs.quokka-vscode-1.0.410/index
[2021-10-27 13:14:32.532] [exthost] [info] ExtensionService#_doActivateExtension vscode.html-language-features, startup: false, activationEvent: 'onLanguage:html'
[2021-10-27 13:14:32.532] [exthost] [info] ExtensionService#loadCommonJSModule file:///usr/share/code/resources/app/extensions/html-language-features/client/dist/node/htmlClientMain
[2021-10-27 13:14:34.063] [exthost] [info] ExtensionService#_doActivateExtension vscode.typescript-language-features, startup: false, activationEvent: 'onLanguage:javascript'
[2021-10-27 13:14:34.064] [exthost] [info] ExtensionService#loadCommonJSModule file:///usr/share/code/resources/app/extensions/typescript-language-features/dist/extension
[2021-10-27 13:23:46.820] [exthost] [warning] [Decorations] CAPPING events from decorations provider vscode.git 2855
[2021-10-27 13:23:51.908] [exthost] [warning] [Decorations] CAPPING events from decorations provider vscode.git 2855
[2021-10-27 13:24:14.345] [exthost] [warning] [Decorations] CAPPING events from decorations provider vscode.git 2855
[2021-10-27 13:24:19.412] [exthost] [warning] [Decorations] CAPPING events from decorations provider vscode.git 2855
[2021-10-27 13:25:37.165] [exthost] [warning] [Decorations] CAPPING events from decorations provider vscode.git 2856
[2021-10-27 13:25:42.239] [exthost] [warning] [Decorations] CAPPING events from decorations provider vscode.git 2856
[2021-10-27 13:27:07.858] [exthost] [warning] [Decorations] CAPPING events from decorations provider vscode.git 2856
[2021-10-27 13:28:34.639] [exthost] [warning] [Decorations] CAPPING events from decorations provider vscode.git 2856
[2021-10-27 13:28:39.724] [exthost] [warning] [Decorations] CAPPING events from decorations provider vscode.git 2856
[2021-10-27 13:51:58.324] [exthost] [warning] [Decorations] CAPPING events from decorations provider vscode.git 2857
[2021-10-27 13:52:02.809] [exthost] [info] ExtensionService#_doActivateExtension vscode.css-language-features, startup: false, activationEvent: 'onLanguage:css'
[2021-10-27 13:52:02.809] [exthost] [info] ExtensionService#loadCommonJSModule file:///usr/share/code/resources/app/extensions/css-language-features/client/dist/node/cssClientMain
[2021-10-27 13:52:03.397] [exthost] [warning] [Decorations] CAPPING events from decorations provider vscode.git 2858
[2021-10-27 13:52:08.479] [exthost] [warning] [Decorations] CAPPING events from decorations provider vscode.git 2858
[2021-10-27 13:52:13.546] [exthost] [warning] [Decorations] CAPPING events from decorations provider vscode.git 2858
[2021-10-27 13:52:26.249] [exthost] [warning] [Decorations] CAPPING events from decorations provider vscode.git 2858
[2021-10-27 13:52:36.358] [exthost] [warning] [Decorations] CAPPING events from decorations provider vscode.git 2858
[2021-10-27 13:53:15.749] [exthost] [warning] [Decorations] CAPPING events from decorations provider vscode.git 3165
[2021-10-27 13:54:00.061] [exthost] [warning] [Decorations] CAPPING events from decorations provider vscode.git 3165
[2021-10-27 13:54:07.412] [exthost] [warning] [Decorations] CAPPING events from decorations provider vscode.git 3165
[2021-10-27 13:55:10.762] [exthost] [warning] [Decorations] CAPPING events from decorations provider vscode.git 3166
[2021-10-27 13:56:24.091] [exthost] [warning] [Decorations] CAPPING events from decorations provider vscode.git 3166
[2021-10-27 13:56:42.488] [exthost] [warning] [Decorations] CAPPING events from decorations provider vscode.git 3166
[2021-10-27 13:56:47.576] [exthost] [warning] [Decorations] CAPPING events from decorations provider vscode.git 3166
[2021-10-27 13:57:15.348] [exthost] [warning] [Decorations] CAPPING events from decorations provider vscode.git 3166
[2021-10-27 13:57:20.434] [exthost] [warning] [Decorations] CAPPING events from decorations provider vscode.git 3166
[2021-10-27 14:00:35.651] [exthost] [warning] [Decorations] CAPPING events from decorations provider vscode.git 4232
[2021-10-27 14:13:15.446] [exthost] [warning] [Decorations] CAPPING events from decorations provider vscode.git 6892
[2021-10-27 14:13:20.572] [exthost] [warning] [Decorations] CAPPING events from decorations provider vscode.git 6763
[2021-10-27 14:13:25.403] [exthost] [info] extension host terminating: renderer closed the socket
[2021-10-27 14:13:26.413] [exthost] [info] exiting with code 0
