Validating found git in: git
Using git 2.33.1 from git
> git rev-parse --git-dir
Open repository: /home/iquill/docs/odin_project/javascript/dropdown_menu
> git status -z -u
> git symbolic-ref --short HEAD
> git for-each-ref --format=%(refname)%00%(upstream:short)%00%(objectname)%00%(upstream:track) refs/heads/main refs/remotes/main
> git for-each-ref --sort -committerdate --format %(refname) %(objectname) %(*objectname)
> git remote --verbose
> git config --get commit.template
> git show --textconv :src/index.js
> git ls-files --stage -- /home/iquill/docs/odin_project/javascript/dropdown_menu/src/index.js
> git cat-file -s 4a3b04220bb071bbc168688423e8659d3aed8a91
> git check-ignore -v -z --stdin
> git status -z -u
> git symbolic-ref --short HEAD
> git for-each-ref --format=%(refname)%00%(upstream:short)%00%(objectname)%00%(upstream:track) refs/heads/main refs/remotes/main
> git for-each-ref --sort -committerdate --format %(refname) %(objectname) %(*objectname)
> git remote --verbose
> git config --get commit.template
> git show --textconv :src/index.js
> git ls-files --stage -- /home/iquill/docs/odin_project/javascript/dropdown_menu/src/index.js
> git cat-file -s 4a3b04220bb071bbc168688423e8659d3aed8a91
> git show --textconv :src/dropdown.js
> git ls-files --stage -- /home/iquill/docs/odin_project/javascript/dropdown_menu/src/dropdown.js
> git cat-file -s 21ec68e139bf731250476aef857f0461c29a9e1e
> git show --textconv :src/index.js
> git ls-files --stage -- /home/iquill/docs/odin_project/javascript/dropdown_menu/src/index.js
> git cat-file -s 4a3b04220bb071bbc168688423e8659d3aed8a91
