[Info  - 3:44:48 PM] ESLint server is starting
[Info  - 3:44:49 PM] ESLint server running in node v14.16.0
[Info  - 3:44:49 PM] ESLint server is running.
[Info  - 3:44:49 PM] 
Failed to load the ESLint library for the document /home/iquill/Documents/the_odin_project/Javascript/dropdown_menu/src/index.js

To use ESLint please install eslint by running npm install eslint in the workspace folder dropdown_menu
or globally using 'npm install -g eslint'. You need to reopen the workspace after installing eslint.

If you are using yarn or pnpm instead of npm set the setting `eslint.packageManager` to either `yarn` or `pnpm`
Alternatively you can disable ESLint for the workspace folder dropdown_menu by executing the 'Disable ESLint' command.
[Info  - 3:45:02 PM] 
Failed to load the ESLint library for the document /home/iquill/Documents/the_odin_project/Javascript/dropdown_menu/src/index.js

To use ESLint please install eslint by running npm install eslint in the workspace folder dropdown_menu
or globally using 'npm install -g eslint'. You need to reopen the workspace after installing eslint.

If you are using yarn or pnpm instead of npm set the setting `eslint.packageManager` to either `yarn` or `pnpm`
Alternatively you can disable ESLint for the workspace folder dropdown_menu by executing the 'Disable ESLint' command.
[Info  - 3:52:37 PM] Failed to load the ESLint library for the document /home/iquill/Documents/the_odin_project/Javascript/dropdown_menu/webpack.config.js
To use ESLint for single JavaScript file install eslint globally using 'npm install -g eslint'.
If you are using yarn or pnpm instead of npm set the setting `eslint.packageManager` to either `yarn` or `pnpm`
You need to reopen VS Code after installing eslint.
[Info  - 3:52:42 PM] 
Failed to load the ESLint library for the document /home/iquill/Documents/the_odin_project/Javascript/dropdown_menu/webpack.config.js

To use ESLint please install eslint by running npm install eslint in the workspace folder dropdown_menu
or globally using 'npm install -g eslint'. You need to reopen the workspace after installing eslint.

If you are using yarn or pnpm instead of npm set the setting `eslint.packageManager` to either `yarn` or `pnpm`
Alternatively you can disable ESLint for the workspace folder dropdown_menu by executing the 'Disable ESLint' command.
[Info  - 3:52:48 PM] 
Failed to load the ESLint library for the document /home/iquill/Documents/the_odin_project/Javascript/dropdown_menu/src/index.js

To use ESLint please install eslint by running npm install eslint in the workspace folder dropdown_menu
or globally using 'npm install -g eslint'. You need to reopen the workspace after installing eslint.

If you are using yarn or pnpm instead of npm set the setting `eslint.packageManager` to either `yarn` or `pnpm`
Alternatively you can disable ESLint for the workspace folder dropdown_menu by executing the 'Disable ESLint' command.
[Info  - 3:52:48 PM] 
Failed to load the ESLint library for the document /home/iquill/Documents/the_odin_project/Javascript/dropdown_menu/webpack.config.js

To use ESLint please install eslint by running npm install eslint in the workspace folder dropdown_menu
or globally using 'npm install -g eslint'. You need to reopen the workspace after installing eslint.

If you are using yarn or pnpm instead of npm set the setting `eslint.packageManager` to either `yarn` or `pnpm`
Alternatively you can disable ESLint for the workspace folder dropdown_menu by executing the 'Disable ESLint' command.
[Info  - 3:52:51 PM] 
Failed to load the ESLint library for the document /home/iquill/Documents/the_odin_project/Javascript/dropdown_menu/src/index.js

To use ESLint please install eslint by running npm install eslint in the workspace folder dropdown_menu
or globally using 'npm install -g eslint'. You need to reopen the workspace after installing eslint.

If you are using yarn or pnpm instead of npm set the setting `eslint.packageManager` to either `yarn` or `pnpm`
Alternatively you can disable ESLint for the workspace folder dropdown_menu by executing the 'Disable ESLint' command.
[Info  - 3:52:51 PM] 
Failed to load the ESLint library for the document /home/iquill/Documents/the_odin_project/Javascript/dropdown_menu/webpack.config.js

To use ESLint please install eslint by running npm install eslint in the workspace folder dropdown_menu
or globally using 'npm install -g eslint'. You need to reopen the workspace after installing eslint.

If you are using yarn or pnpm instead of npm set the setting `eslint.packageManager` to either `yarn` or `pnpm`
Alternatively you can disable ESLint for the workspace folder dropdown_menu by executing the 'Disable ESLint' command.
[Info  - 3:56:33 PM] 
Failed to load the ESLint library for the document /home/iquill/Documents/the_odin_project/Javascript/dropdown_menu/src/index.js

To use ESLint please install eslint by running npm install eslint in the workspace folder dropdown_menu
or globally using 'npm install -g eslint'. You need to reopen the workspace after installing eslint.

If you are using yarn or pnpm instead of npm set the setting `eslint.packageManager` to either `yarn` or `pnpm`
Alternatively you can disable ESLint for the workspace folder dropdown_menu by executing the 'Disable ESLint' command.
[Info  - 3:56:33 PM] 
Failed to load the ESLint library for the document /home/iquill/Documents/the_odin_project/Javascript/dropdown_menu/webpack.config.js

To use ESLint please install eslint by running npm install eslint in the workspace folder dropdown_menu
or globally using 'npm install -g eslint'. You need to reopen the workspace after installing eslint.

If you are using yarn or pnpm instead of npm set the setting `eslint.packageManager` to either `yarn` or `pnpm`
Alternatively you can disable ESLint for the workspace folder dropdown_menu by executing the 'Disable ESLint' command.
[Info  - 3:59:50 PM] 
Failed to load the ESLint library for the document /home/iquill/Documents/the_odin_project/Javascript/dropdown_menu/src/index.js

To use ESLint please install eslint by running npm install eslint in the workspace folder dropdown_menu
or globally using 'npm install -g eslint'. You need to reopen the workspace after installing eslint.

If you are using yarn or pnpm instead of npm set the setting `eslint.packageManager` to either `yarn` or `pnpm`
Alternatively you can disable ESLint for the workspace folder dropdown_menu by executing the 'Disable ESLint' command.
[Info  - 3:59:50 PM] 
Failed to load the ESLint library for the document /home/iquill/Documents/the_odin_project/Javascript/dropdown_menu/webpack.config.js

To use ESLint please install eslint by running npm install eslint in the workspace folder dropdown_menu
or globally using 'npm install -g eslint'. You need to reopen the workspace after installing eslint.

If you are using yarn or pnpm instead of npm set the setting `eslint.packageManager` to either `yarn` or `pnpm`
Alternatively you can disable ESLint for the workspace folder dropdown_menu by executing the 'Disable ESLint' command.
[Info  - 4:26:11 PM] 
Failed to load the ESLint library for the document /home/iquill/Documents/the_odin_project/Javascript/dropdown_menu/src/dropdown.js

To use ESLint please install eslint by running npm install eslint in the workspace folder dropdown_menu
or globally using 'npm install -g eslint'. You need to reopen the workspace after installing eslint.

If you are using yarn or pnpm instead of npm set the setting `eslint.packageManager` to either `yarn` or `pnpm`
Alternatively you can disable ESLint for the workspace folder dropdown_menu by executing the 'Disable ESLint' command.
[Info  - 5:28:28 PM] ESLint server stopped.
